

******** <class 'pyscf.scf.hf.RHF'> ********
method = RHF
initial guess = minao
damping factor = 0
level_shift factor = 0
DIIS = <class 'pyscf.scf.diis.CDIIS'>
diis_start_cycle = 1
diis_space = 8
SCF conv_tol = 1e-09
SCF conv_tol_grad = None
SCF max_cycles = 50
direct_scf = True
direct_scf_tol = 1e-13
chkfile to save SCF result = /home/shuoxueli/DrumPlayer2.1/docs/tmp178bx5au
max_memory 4000 MB (current use 68 MB)
Set gradient conv threshold to 3.16228e-05
E1 = -2.238288840885545  E_coul = 0.7120406664861332
init E= -0.811966224806241
cond(S) = 71.11823772238901
    CPU time for initialize scf      0.33 sec, wall time      0.07 sec
  HOMO = -0.554145485644489  LUMO = 0.155016404787584
  mo_energy =
[-0.55414549  0.1550164   0.46758577  0.87388104  1.25074941  1.25074941
  1.91635984  2.0043153   2.0043153   3.5563462 ]
E1 = -2.485841307648097  E_coul = 0.6438142992274613
cycle= 1 E= -1.12774505882746  delta_E= -0.316  |g|= 0.0451  |ddm|= 0.705
    CPU time for cycle= 1      0.00 sec, wall time      0.00 sec
  HOMO = -0.599509967995145  LUMO = 0.193070704476369
  mo_energy =
[-0.59950997  0.1930707   0.47580097  0.92765192  1.28080216  1.28080216
  1.945422    2.03307185  2.03307185  3.59186729]
E1 = -2.499138952138373  E_coul = 0.656174207166948
cycle= 2 E= -1.12868279537825  delta_E= -0.000938  |g|= 0.00705  |ddm|= 0.0427
    CPU time for cycle= 2      0.12 sec, wall time      0.00 sec
  HOMO = -0.592402358617693  LUMO = 0.197131065770375
  mo_energy =
[-0.59240236  0.19713107  0.47943988  0.936442    1.2924492   1.2924492
  1.95581039  2.04261372  2.04261372  3.6047679 ]
E1 = -2.501579629881285  E_coul = 0.6585882590588611
cycle= 3 E= -1.12870942122925  delta_E= -2.66e-05  |g|= 0.000396  |ddm|= 0.00917
    CPU time for cycle= 3      0.00 sec, wall time      0.00 sec
  HOMO = -0.592148562031045  LUMO = 0.197275897727505
  mo_energy =
[-0.59214856  0.1972759   0.47951983  0.93670871  1.29280721  1.29280721
  1.95619681  2.04293874  2.04293874  3.60523892]
E1 = -2.5016769181490646  E_coul = 0.6586854789994155
cycle= 4 E= -1.12870948955648  delta_E= -6.83e-08  |g|= 3.02e-06  |ddm|= 0.000563
    CPU time for cycle= 4      0.00 sec, wall time      0.00 sec
  HOMO = -0.592153518540893  LUMO = 0.197276608540528
  mo_energy =
[-0.59215352  0.19727661  0.47952585  0.93671025  1.29280883  1.29280883
  1.95619974  2.04294095  2.04294095  3.60524157]
E1 = -2.501675840015496  E_coul = 0.6586844008609224
cycle= 5 E= -1.1287094895614  delta_E= -4.92e-12  |g|= 7.87e-10  |ddm|= 4.18e-06
    CPU time for cycle= 5      0.22 sec, wall time      0.03 sec
  HOMO = -0.592153519146825  LUMO = 0.197276608817381
  mo_energy =
[-0.59215352  0.19727661  0.47952585  0.93671025  1.29280884  1.29280884
  1.95619974  2.04294095  2.04294095  3.60524157]
E1 = -2.5016758397813996  E_coul = 0.6586844006268264
Extra cycle  E= -1.1287094895614  delta_E= 4.44e-16  |g|= 1.45e-10  |ddm|= 9.53e-10
    CPU time for scf_cycle      1.19 sec, wall time      0.24 sec
    CPU time for SCF      1.19 sec, wall time      0.24 sec
converged SCF energy = -1.1287094895614
Call direct_spin1!

******** <class 'pyscf.mcscf.mc1step.CASSCF'> ********
CAS (1e+1e, 2o), ncore = 0, nvir = 8
max_cycle_macro = 50
max_cycle_micro = 4
conv_tol = 1e-07
conv_tol_grad = None
orbital rotation max_stepsize = 0.02
augmented hessian ah_max_cycle = 30
augmented hessian ah_conv_tol = 1e-12
augmented hessian ah_linear dependence = 1e-14
augmented hessian ah_level shift = 1e-08
augmented hessian ah_start_tol = 2.5
augmented hessian ah_start_cycle = 3
augmented hessian ah_grad_trust_region = 3
kf_trust_region = 3
kf_interval = 4
ci_response_space = 4
ci_grad_trust_region = 3
with_dep4 0
natorb = False
canonicalization = True
sorting_mo_energy = False
ao2mo_level = 2
chkfile = /home/shuoxueli/DrumPlayer2.1/docs/tmp178bx5au
max_memory 4000 MB (current use 71 MB)
internal_rotation = False
******** <class 'pyscf.fci.direct_spin1.FCISolver'> ********
max. cycles = 50
conv_tol = 1e-08
davidson only = False
linear dependence = 1e-10
level shift = 0.001
max iter space = 12
max_memory 4000 MB
nroots = 1
pspace_size = 400
spin = None
Start 1-step CASSCF
Start CASCI
    CPU time for integral transformation to CAS space      0.00 sec, wall time      0.00 sec
core energy = 0.714281949593171
    CPU time for effective h1e in CAS space      0.00 sec, wall time      0.00 sec
    CPU time for FCI solver      0.11 sec, wall time      0.03 sec
CAS space CI energy = -1.84572921769175
CASCI E = -1.13144726809857  S^2 = 0.0000000
Set conv_tol_grad to 0.000316228
    CPU time for Initializing 1-step CASSCF      0.34 sec, wall time      0.05 sec
    CPU time for CAS DM      0.00 sec, wall time      0.00 sec
    |g|=0.00915
    CPU time for gen h_op      0.59 sec, wall time      0.16 sec
Negative hessians found [-0.00280976]
Negative hessians found [-0.00499303]
    imic 1(3)  |g[o]|=0.00919  |dxi|=0.0207  max(|x|)= 1.33  |dr|=0.0207  eig=-0.0105  seig=2.55e-05
Negative hessians found [-0.00499505]
    imic 2(4)  |g[o]|=0.00924  |dxi|=0.0207  max(|x|)= 1.32  |dr|=0.0415  eig=-0.0106  seig=2.36e-05
Negative hessians found [-0.00499505]
    imic 3(5)  |g[o]|=0.00929  |dxi|=0.0207  max(|x|)= 1.32  |dr|=0.0622  eig=-0.0107  seig=2.36e-05
Negative hessians found [-0.00499505]
    imic 4(6)  |g[o]|=0.00934  |dxi|=0.0207  max(|x|)= 1.31  |dr|=0.083  eig=-0.0108  seig=2.32e-05
    CPU time for aug_hess in 4 inner iters      0.20 sec, wall time      0.03 sec
    CPU time for orbital rotation      0.80 sec, wall time      0.19 sec
    CPU time for update CAS DM      0.33 sec, wall time      0.06 sec
micro 1  |u-1|=0.117  |g[o]|=0.00915  |g[c]|=0.0144  |ddm|=0.00403
    CPU time for micro iter 1      0.00 sec, wall time      0.00 sec
    |g|=0.0119 (keyframe), |g-correction|=0.0026
    CPU time for gen h_op      0.08 sec, wall time      0.01 sec
Negative hessians found [-0.00499505 -0.00322465]
    imic 5(7)  |g[o]|=0.012  |dxi|=0.0207  max(|x|)= 1.23  |dr|=0.0207  eig=-0.013  seig=9.53e-09
Negative hessians found [-0.00499505 -0.00326328]
    imic 6(8)  |g[o]|=0.012  |dxi|=0.0207  max(|x|)= 1.23  |dr|=0.0414  eig=-0.0131  seig=2.02e-13
Negative hessians found [-0.00499505 -0.00326398 -0.00099205]
    imic 7(9)  |g[o]|=0.012  |dxi|=0.0207  max(|x|)= 1.22  |dr|=0.0621  eig=-0.0132  seig=6.4e-16
    CPU time for orbital rotation      0.08 sec, wall time      0.02 sec
<ci1|ci0>=1.21e-08 |g|=0.0113, ci1 out of trust region
    CPU time for update CAS DM      0.31 sec, wall time      0.06 sec
micro 2  |u-1|=0.205  |g[o]|=0.0119  |g[c]|=0.0113  |ddm|=0.000547
    CPU time for micro iter 2      0.00 sec, wall time      0.00 sec
Active space overlap to initial guess, SVD = [0.99999985 0.98948964]
Active space overlap to last step, SVD = [0.99999985 0.98948964]
    CPU time for update eri      0.38 sec, wall time      0.06 sec
Start CASCI
    CPU time for integral transformation to CAS space      0.00 sec, wall time      0.00 sec
core energy = 0.714281949593171
    CPU time for effective h1e in CAS space      0.00 sec, wall time      0.00 sec
davidson 0 1  |r|= 0.0228  e= [-1.84810635]  max|de|= -1.85  lindep= 0.129
davidson 1 2  |r|= 9.82e-13  e= [-1.84858326]  max|de|= -0.000477  lindep=    1
Linear dependency in trial subspace. |r| for each state [9.81948586089793e-13]
    CPU time for FCI solver      0.55 sec, wall time      0.07 sec
CAS space CI energy = -1.84858325577304
macro iter 1 (10 JK  2 micro), CASSCF E = -1.13430130617987  dE = -0.0028540381  S^2 = 0.0000000
               |grad[o]|=0.00915  |grad[c]|= 0.011281697296820591  |ddm|=0.000547
    CPU time for CASCI solver      1.19 sec, wall time      0.20 sec
    CPU time for macro iter 1      3.08 sec, wall time      0.60 sec
    |g|=0.0139
    CPU time for gen h_op      0.00 sec, wall time      0.01 sec
    imic 1(3)  |g[o]|=0.0138  |dxi|=0.0205  max(|x|)=0.879  |dr|=0.0205  eig=-0.0108  seig=0.000244
    imic 2(4)  |g[o]|=0.0136  |dxi|=0.0205  max(|x|)=0.879  |dr|=0.041  eig=-0.0107  seig=0.000224
    imic 3(5)  |g[o]|=0.0135  |dxi|=0.0205  max(|x|)=0.878  |dr|=0.0615  eig=-0.0107  seig=0.000224
    imic 4(6)  |g[o]|=0.0134  |dxi|=0.0205  max(|x|)=0.878  |dr|=0.082  eig=-0.0106  seig=0.000224
    CPU time for aug_hess in 4 inner iters      0.38 sec, wall time      0.05 sec
    CPU time for orbital rotation      0.48 sec, wall time      0.07 sec
    CPU time for update CAS DM      0.34 sec, wall time      0.06 sec
micro 1  |u-1|=0.116  |g[o]|=0.0139  |g[c]|=0.0139  |ddm|=0.00556
    CPU time for micro iter 1      0.00 sec, wall time      0.00 sec
    |g|=0.0158 (keyframe), |g-correction|=0.00253
    CPU time for gen h_op      0.22 sec, wall time      0.03 sec
    imic 5(7)  |g[o]|=0.0157  |dxi|=0.0205  max(|x|)=0.891  |dr|=0.0205  eig=-0.0124  seig=0.000224
    imic 6(8)  |g[o]|=0.0156  |dxi|=0.0205  max(|x|)=0.891  |dr|=0.041  eig=-0.0124  seig=0.000224
    imic 7(9)  |g[o]|=0.0154  |dxi|=0.0205  max(|x|)=0.891  |dr|=0.0614  eig=-0.0123  seig=0.000224
    imic 8(10)  |g[o]|=0.0153  |dxi|=0.0205  max(|x|)= 0.89  |dr|=0.0819  eig=-0.0123  seig=0.000224
    CPU time for aug_hess in 8 inner iters      0.12 sec, wall time      0.02 sec
    CPU time for orbital rotation      0.34 sec, wall time      0.04 sec
    CPU time for update CAS DM      0.11 sec, wall time      0.03 sec
micro 2  |u-1|=0.232  |g[o]|=0.0158  |g[c]|=0.013  |ddm|=0.0112
    CPU time for micro iter 2      0.00 sec, wall time      0.00 sec
    |g|=0.0169 (keyframe), |g-correction|=0.00195
    CPU time for gen h_op      0.11 sec, wall time      0.01 sec
    imic 9(11)  |g[o]|=0.0167  |dxi|=0.0204  max(|x|)=0.896  |dr|=0.0204  eig=-0.0131  seig=0.000224
    imic 10(12)  |g[o]|=0.0166  |dxi|=0.0204  max(|x|)=0.896  |dr|=0.0409  eig=-0.013  seig=0.000224
    imic 11(13)  |g[o]|=0.0164  |dxi|=0.0204  max(|x|)=0.896  |dr|=0.0613  eig=-0.013  seig=0.000224
Negative hessians found [-1.7291712e-05]
    imic 12(14)  |g[o]|=0.0163  |dxi|=0.0204  max(|x|)=0.896  |dr|=0.0818  eig=-0.0129  seig=0.000223
    CPU time for aug_hess in 12 inner iters      0.11 sec, wall time      0.02 sec
    CPU time for orbital rotation      0.22 sec, wall time      0.03 sec
    CPU time for update CAS DM      0.30 sec, wall time      0.05 sec
micro 3  |u-1|=0.347  |g[o]|=0.0169  |g[c]|=0.0121  |ddm|=0.0162
    CPU time for micro iter 3      0.00 sec, wall time      0.00 sec
    |g|=0.0168 (keyframe), |g-correction|=0.00166
    CPU time for gen h_op      0.00 sec, wall time      0.00 sec
Negative hessians found [-4.19686465e-05]
    imic 13(15)  |g[o]|=0.0166  |dxi|=0.0204  max(|x|)=0.895  |dr|=0.0204  eig=-0.0126  seig=7.02e-05
Negative hessians found [-0.00013907]
    imic 14(16)  |g[o]|=0.0164  |dxi|=0.0204  max(|x|)=0.894  |dr|=0.0408  eig=-0.0125  seig=6.95e-05
    CPU time for orbital rotation      0.55 sec, wall time      0.08 sec
micro 4  |u-1|=0.404  |g[o]|=0.0168
Active space overlap to initial guess, SVD = [0.99999576 0.90836666]
Active space overlap to last step, SVD = [0.9999972  0.95924952]
    CPU time for update eri      0.30 sec, wall time      0.06 sec
Start CASCI
    CPU time for integral transformation to CAS space      0.00 sec, wall time      0.00 sec
core energy = 0.714281949593171
    CPU time for effective h1e in CAS space      0.00 sec, wall time      0.00 sec
davidson 0 1  |r|= 0.00302  e= [-1.85628014]  max|de|= -1.86  lindep= 0.217
davidson 1 2  |r|= 7.37e-13  e= [-1.85628793]  max|de|= -7.79e-06  lindep=    1
Linear dependency in trial subspace. |r| for each state [7.36826994142599e-13]
    CPU time for FCI solver      0.00 sec, wall time      0.00 sec
CAS space CI energy = -1.85628792940847
macro iter 2 (19 JK  4 micro), CASSCF E = -1.14200597981529  dE = -0.0077046736  S^2 = 0.0000000
               |grad[o]|=0.0139  |grad[c]|= 0.012116408708958165  |ddm|=0.0162
    CPU time for CASCI solver      0.12 sec, wall time      0.00 sec
    CPU time for macro iter 2      2.77 sec, wall time      0.43 sec
    |g|=0.0162
    CPU time for gen h_op      0.17 sec, wall time      0.03 sec
    imic 1(3)  |g[o]|=0.0154  |dxi|=0.0202  max(|x|)=0.375  |dr|=0.0202  eig=-0.00478  seig=0.000253
    imic 2(4)  |g[o]|=0.0146  |dxi|=0.0202  max(|x|)=0.362  |dr|=0.0404  eig=-0.0044  seig=0.000253
    imic 3(5)  |g[o]|=0.0138  |dxi|=0.0202  max(|x|)=0.348  |dr|=0.0605  eig=-0.00403  seig=0.000253
    imic 4(6)  |g[o]|=0.013  |dxi|=0.0202  max(|x|)=0.334  |dr|=0.0807  eig=-0.00368  seig=0.000253
    CPU time for aug_hess in 4 inner iters      0.11 sec, wall time      0.02 sec
    CPU time for orbital rotation      0.28 sec, wall time      0.06 sec
    CPU time for update CAS DM      0.39 sec, wall time      0.06 sec
micro 1  |u-1|=0.114  |g[o]|=0.0162  |g[c]|=0.00584  |ddm|=0.00276
    CPU time for micro iter 1      0.00 sec, wall time      0.00 sec
    |g|=0.0136 (keyframe), |g-correction|=0.000801
    CPU time for gen h_op      0.11 sec, wall time      0.00 sec
    imic 5(7)  |g[o]|=0.0128  |dxi|=0.0202  max(|x|)=0.323  |dr|=0.0202  eig=-0.0034  seig=0.000253
    imic 6(8)  |g[o]|=0.012  |dxi|=0.0202  max(|x|)=0.308  |dr|=0.0403  eig=-0.00307  seig=0.000253
    imic 7(9)  |g[o]|=0.0113  |dxi|=0.0202  max(|x|)=0.293  |dr|=0.0605  eig=-0.00275  seig=0.000253
    imic 8(10)  |g[o]|=0.0105  |dxi|=0.0202  max(|x|)=0.278  |dr|=0.0806  eig=-0.00244  seig=0.000253
    CPU time for aug_hess in 8 inner iters      0.34 sec, wall time      0.05 sec
    CPU time for orbital rotation      0.45 sec, wall time      0.05 sec
    CPU time for update CAS DM      0.22 sec, wall time      0.03 sec
micro 2  |u-1|=0.228  |g[o]|=0.0136  |g[c]|=0.00422  |ddm|=0.00401
    CPU time for micro iter 2      0.00 sec, wall time      0.00 sec
    |g|=0.0102 (keyframe), |g-correction|=0.00046
    CPU time for gen h_op      0.22 sec, wall time      0.03 sec
    imic 9(11)  |g[o]|=0.00944  |dxi|=0.0201  max(|x|)= 0.25  |dr|=0.0201  eig=-0.00195  seig=0.000253
    imic 10(12)  |g[o]|=0.00865  |dxi|=0.0201  max(|x|)=0.233  |dr|=0.0403  eig=-0.00168  seig=0.000253
    imic 11(13)  |g[o]|=0.00787  |dxi|=0.0201  max(|x|)=0.216  |dr|=0.0604  eig=-0.00143  seig=5.45e-05
    imic 12(14)  |g[o]|=0.0071  |dxi|=0.0201  max(|x|)=0.199  |dr|=0.0806  eig=-0.0012  seig=4.79e-05
    CPU time for aug_hess in 12 inner iters      0.00 sec, wall time      0.02 sec
    CPU time for orbital rotation      0.22 sec, wall time      0.05 sec
    CPU time for update CAS DM      0.31 sec, wall time      0.05 sec
micro 3  |u-1|=0.341  |g[o]|=0.0102  |g[c]|=0.00436  |ddm|=0.00389
    CPU time for micro iter 3      0.00 sec, wall time      0.00 sec
    |g|=0.0062 (keyframe), |g-correction|=0.000907
    CPU time for gen h_op      0.19 sec, wall time      0.03 sec
    imic 13(15)  |g[o]|=0.00543  |dxi|=0.0201  max(|x|)= 0.16  |dr|=0.0201  eig=-0.000763  seig=6.46e-08
    imic 14(16)  |g[o]|=0.00467  |dxi|=0.0201  max(|x|)=0.141  |dr|=0.0403  eig=-0.000592  seig=4.06e-08
    CPU time for orbital rotation      0.30 sec, wall time      0.05 sec
micro 4  |u-1|=0.398  |g[o]|=0.0062
Active space overlap to initial guess, SVD = [0.99996526 0.75667606]
Active space overlap to last step, SVD = [0.99998514 0.96045308]
    CPU time for update eri      0.00 sec, wall time      0.00 sec
Start CASCI
    CPU time for integral transformation to CAS space      0.00 sec, wall time      0.00 sec
core energy = 0.714281949593171
    CPU time for effective h1e in CAS space      0.00 sec, wall time      0.00 sec
davidson 0 1  |r|= 0.00153  e= [-1.86091344]  max|de|= -1.86  lindep= 0.23
davidson 1 2  |r|= 1.59e-13  e= [-1.86091506]  max|de|= -1.62e-06  lindep=    1
Linear dependency in trial subspace. |r| for each state [1.5938004418861588e-13]
    CPU time for FCI solver      0.11 sec, wall time      0.01 sec
CAS space CI energy = -1.86091506194006
macro iter 3 (19 JK  4 micro), CASSCF E = -1.14663311234689  dE = -0.0046271325  S^2 = 0.0000000
               |grad[o]|=0.0162  |grad[c]|= 0.004356318842146917  |ddm|=0.00389
    CPU time for CASCI solver      0.23 sec, wall time      0.03 sec
    CPU time for macro iter 3      2.41 sec, wall time      0.39 sec
    |g|=0.00417
    CPU time for gen h_op      0.11 sec, wall time      0.02 sec
    imic 1(3)  |g[o]|=0.00316  |dxi|=0.0201  max(|x|)=0.0825  |dr|=0.0201  eig=-0.000259  seig=0.000244
    imic 2(4)  |g[o]|=0.00216  |dxi|=0.0201  max(|x|)=0.0628  |dr|=0.0402  eig=-0.00015  seig=0.000146
    imic 3(5)  |g[o]|=0.00116  |dxi|=0.0201  max(|x|)=0.043  |dr|=0.0602  eig=-7.01e-05  seig=0.000146
    CPU time for aug_hess in 3 inner iters      0.22 sec, wall time      0.03 sec
    CPU time for orbital rotation      0.45 sec, wall time      0.05 sec
    CPU time for update CAS DM      0.33 sec, wall time      0.05 sec
micro 1  |u-1|=0.0852  |g[o]|=0.00417  |g[c]|=0.00279  |ddm|=0.00114
    CPU time for micro iter 1      0.00 sec, wall time      0.00 sec
    |g|=0.00102 (keyframe), |g-correction|=0.000588
    CPU time for gen h_op      0.00 sec, wall time      0.01 sec
    imic 4(6)  |g[o]|=0.000242  |dxi|=0.0202  max(|x|)=0.0262  |dr|=0.0202  eig=-2.6e-05  seig=0.000146
    CPU time for aug_hess in 4 inner iters      0.00 sec, wall time      0.00 sec
    CPU time for orbital rotation      0.00 sec, wall time      0.02 sec
    CPU time for update CAS DM      0.20 sec, wall time      0.03 sec
micro 2  |u-1|=0.114  |g[o]|=0.00102  |g[c]|=0.00131  |ddm|=0.00165
    CPU time for micro iter 2      0.00 sec, wall time      0.00 sec
    |g|=0.000413 (keyframe), |g-correction|=0.000312
    CPU time for gen h_op      0.00 sec, wall time      0.00 sec
    imic 5(7)  |g[o]|=2.26e-08  |dxi|=0.00843  max(|x|)=0.00828  |dr|=0.00843  eig=-2.68e-06  seig=0.000146
    CPU time for orbital rotation      0.00 sec, wall time      0.00 sec
    CPU time for update CAS DM      0.27 sec, wall time      0.04 sec
micro 3  |u-1|=0.126  |g[o]|=0.000413  |g[c]|=0.000678  |ddm|=0.0019
    CPU time for micro iter 3      0.00 sec, wall time      0.00 sec
Active space overlap to initial guess, SVD = [0.99995118 0.69595739]
Active space overlap to last step, SVD = [0.99999877 0.99606254]
    CPU time for update eri      0.00 sec, wall time      0.02 sec
Start CASCI
    CPU time for integral transformation to CAS space      0.00 sec, wall time      0.00 sec
core energy = 0.714281949593171
    CPU time for effective h1e in CAS space      0.00 sec, wall time      0.00 sec
davidson 0 1  |r|= 5.98e-06  e= [-1.86119019]  max|de|= -1.86  lindep=    1
Linear dependency in trial subspace. |r| for each state [5.983670807737912e-06]
    CPU time for FCI solver      0.00 sec, wall time      0.00 sec
CAS space CI energy = -1.86119019421229
macro iter 4 (9 JK  3 micro), CASSCF E = -1.14690824461912  dE = -0.00027513227  S^2 = 0.0000000
               |grad[o]|=0.00417  |grad[c]|= 0.0006783084688858102  |ddm|=0.0019
    CPU time for CASCI solver      0.00 sec, wall time      0.00 sec
    CPU time for macro iter 4      1.25 sec, wall time      0.22 sec
    |g|=0.000134
    CPU time for gen h_op      0.12 sec, wall time      0.01 sec
    imic 1(3)  |g[o]|=5.99e-08  |dxi|=0.000964  max(|x|)=0.000917  |dr|=0.000964  eig=-3.99e-08  seig=6.34e-05
    CPU time for orbital rotation      0.47 sec, wall time      0.08 sec
    CPU time for update CAS DM      0.59 sec, wall time      0.13 sec
micro 1  |u-1|=0.00136  |g[o]|=0.000134  |g[c]|=9.2e-05  |ddm|=3.62e-05
    CPU time for micro iter 1      0.00 sec, wall time      0.00 sec
Active space overlap to initial guess, SVD = [0.99995151 0.69527069]
Active space overlap to last step, SVD = [1.         0.99999954]
    CPU time for update eri      0.06 sec, wall time      0.01 sec
Start CASCI
    CPU time for integral transformation to CAS space      0.00 sec, wall time      0.00 sec
core energy = 0.714281949593171
    CPU time for effective h1e in CAS space      0.00 sec, wall time      0.00 sec
davidson 0 1  |r|= 1.43e-11  e= [-1.86119024]  max|de|= -1.86  lindep=    1
Linear dependency in trial subspace. |r| for each state [1.4335258474747262e-11]
    CPU time for FCI solver      0.00 sec, wall time      0.00 sec
CAS space CI energy = -1.86119023954139
macro iter 5 (3 JK  1 micro), CASSCF E = -1.14690828994822  dE = -4.53291e-08  S^2 = 0.0000000
               |grad[o]|=0.000134  |grad[c]|= 9.200405231816191e-05  |ddm|=3.62e-05
    CPU time for CASCI solver      0.00 sec, wall time      0.00 sec
    CPU time for macro iter 5      1.12 sec, wall time      0.23 sec
1-step CASSCF converged in 5 macro (60 JK 14 micro) steps
CASSCF canonicalization
Density matrix diagonal elements [1.97627851 0.02372149]
i = 1  <i|F|i> =  -0.58464631
i = 2  <i|F|i> =   0.61789179
i = 3  <i|F|i> =   0.48072587
i = 4  <i|F|i> =   0.56077170
i = 5  <i|F|i> =   1.29598514
i = 6  <i|F|i> =   1.29598514
i = 7  <i|F|i> =   1.95984711
i = 8  <i|F|i> =   2.04577353
i = 9  <i|F|i> =   2.04577353
i = 10  <i|F|i> =   3.56377084
    CPU time for 1-step CASSCF     10.97 sec, wall time      1.92 sec
CASSCF energy = -1.14690828994822
CASCI E = -1.14690828994822  E(CI) = -1.86119023954139  S^2 = 0.0000000
